[0.190s] DEBUG:colcon:Command line arguments: ['/usr/bin/colcon', 'build']
[0.190s] DEBUG:colcon:Parsed command line arguments: Namespace(log_base=None, log_level=None, verb_name='build', build_base='build', install_base='install', merge_install=False, symlink_install=False, test_result_base=None, continue_on_error=False, executor='parallel', parallel_workers=32, event_handlers=None, ignore_user_meta=False, metas=['./colcon.meta'], base_paths=['.'], packages_ignore=None, packages_ignore_regex=None, paths=None, packages_up_to=None, packages_up_to_regex=None, packages_above=None, packages_above_and_dependencies=None, packages_above_depth=None, packages_select_by_dep=None, packages_skip_by_dep=None, packages_skip_up_to=None, packages_select_build_failed=False, packages_skip_build_finished=False, packages_select_test_failures=False, packages_skip_test_passed=False, packages_select=None, packages_skip=None, packages_select_regex=None, packages_skip_regex=None, packages_start=None, packages_end=None, allow_overriding=[], cmake_args=None, cmake_target=None, cmake_target_skip_unavailable=False, cmake_clean_cache=False, cmake_clean_first=False, cmake_force_configure=False, ament_cmake_args=None, catkin_cmake_args=None, catkin_skip_building_tests=False, mixin_files=None, mixin=None, verb_parser=<colcon_mixin.mixin.mixin_argument.MixinArgumentDecorator object at 0x7f69957de800>, verb_extension=<colcon_core.verb.build.BuildVerb object at 0x7f69959901c0>, main=<bound method BuildVerb.main of <colcon_core.verb.build.BuildVerb object at 0x7f69959901c0>>, mixin_verb=('build',))
[0.384s] Level 1:colcon.colcon_core.package_discovery:discover_packages(colcon_meta) check parameters
[0.384s] Level 1:colcon.colcon_core.package_discovery:discover_packages(recursive) check parameters
[0.384s] Level 1:colcon.colcon_core.package_discovery:discover_packages(ignore) check parameters
[0.384s] Level 1:colcon.colcon_core.package_discovery:discover_packages(path) check parameters
[0.384s] Level 1:colcon.colcon_core.package_discovery:discover_packages(colcon_meta) discover
[0.384s] Level 1:colcon.colcon_core.package_discovery:discover_packages(recursive) discover
[0.384s] INFO:colcon.colcon_core.package_discovery:Crawling recursively for packages in '/home/awear/ros2_ws/src/rehab_robot_bayes_ros2'
[0.384s] Level 1:colcon.colcon_core.package_identification:_identify(.) by extensions ['ignore', 'ignore_ament_install']
[0.384s] Level 1:colcon.colcon_core.package_identification:_identify(.) by extension 'ignore'
[0.384s] Level 1:colcon.colcon_core.package_identification:_identify(.) by extension 'ignore_ament_install'
[0.384s] Level 1:colcon.colcon_core.package_identification:_identify(.) by extensions ['colcon_pkg']
[0.384s] Level 1:colcon.colcon_core.package_identification:_identify(.) by extension 'colcon_pkg'
[0.384s] Level 1:colcon.colcon_core.package_identification:_identify(.) by extensions ['colcon_meta']
[0.384s] Level 1:colcon.colcon_core.package_identification:_identify(.) by extension 'colcon_meta'
[0.384s] Level 1:colcon.colcon_core.package_identification:_identify(.) by extensions ['ros']
[0.384s] Level 1:colcon.colcon_core.package_identification:_identify(.) by extension 'ros'
[0.395s] DEBUG:colcon.colcon_core.package_identification:Package '.' with type 'ros.ament_python' and name 'rehab_robot_bayes_ros2'
[0.395s] Level 1:colcon.colcon_core.package_discovery:discover_packages(recursive) using defaults
[0.395s] Level 1:colcon.colcon_core.package_discovery:discover_packages(ignore) discover
[0.395s] Level 1:colcon.colcon_core.package_discovery:discover_packages(ignore) using defaults
[0.395s] Level 1:colcon.colcon_core.package_discovery:discover_packages(path) discover
[0.395s] Level 1:colcon.colcon_core.package_discovery:discover_packages(path) using defaults
[0.412s] Level 1:colcon.colcon_core.package_discovery:discover_packages(prefix_path) check parameters
[0.412s] Level 1:colcon.colcon_core.package_discovery:discover_packages(prefix_path) discover
[0.421s] DEBUG:colcon.colcon_installed_package_information.package_discovery:Found 7 installed packages in /home/awear/ros2_ws/install
[0.422s] DEBUG:colcon.colcon_installed_package_information.package_discovery:Found 270 installed packages in /opt/ros/humble
[0.423s] Level 1:colcon.colcon_core.package_discovery:discover_packages(prefix_path) using defaults
[0.469s] Level 5:colcon.colcon_core.verb:set package 'rehab_robot_bayes_ros2' build argument 'cmake_args' from command line to 'None'
[0.469s] Level 5:colcon.colcon_core.verb:set package 'rehab_robot_bayes_ros2' build argument 'cmake_target' from command line to 'None'
[0.469s] Level 5:colcon.colcon_core.verb:set package 'rehab_robot_bayes_ros2' build argument 'cmake_target_skip_unavailable' from command line to 'False'
[0.469s] Level 5:colcon.colcon_core.verb:set package 'rehab_robot_bayes_ros2' build argument 'cmake_clean_cache' from command line to 'False'
[0.469s] Level 5:colcon.colcon_core.verb:set package 'rehab_robot_bayes_ros2' build argument 'cmake_clean_first' from command line to 'False'
[0.469s] Level 5:colcon.colcon_core.verb:set package 'rehab_robot_bayes_ros2' build argument 'cmake_force_configure' from command line to 'False'
[0.469s] Level 5:colcon.colcon_core.verb:set package 'rehab_robot_bayes_ros2' build argument 'ament_cmake_args' from command line to 'None'
[0.469s] Level 5:colcon.colcon_core.verb:set package 'rehab_robot_bayes_ros2' build argument 'catkin_cmake_args' from command line to 'None'
[0.469s] Level 5:colcon.colcon_core.verb:set package 'rehab_robot_bayes_ros2' build argument 'catkin_skip_building_tests' from command line to 'False'
[0.469s] DEBUG:colcon.colcon_core.verb:Building package 'rehab_robot_bayes_ros2' with the following arguments: {'ament_cmake_args': None, 'build_base': '/home/awear/ros2_ws/src/rehab_robot_bayes_ros2/build/rehab_robot_bayes_ros2', 'catkin_cmake_args': None, 'catkin_skip_building_tests': False, 'cmake_args': None, 'cmake_clean_cache': False, 'cmake_clean_first': False, 'cmake_force_configure': False, 'cmake_target': None, 'cmake_target_skip_unavailable': False, 'install_base': '/home/awear/ros2_ws/src/rehab_robot_bayes_ros2/install/rehab_robot_bayes_ros2', 'merge_install': False, 'path': '/home/awear/ros2_ws/src/rehab_robot_bayes_ros2', 'symlink_install': False, 'test_result_base': None}
[0.469s] INFO:colcon.colcon_core.executor:Executing jobs using 'parallel' executor
[0.470s] DEBUG:colcon.colcon_parallel_executor.executor.parallel:run_until_complete
[0.470s] INFO:colcon.colcon_ros.task.ament_python.build:Building ROS package in '/home/awear/ros2_ws/src/rehab_robot_bayes_ros2' with build type 'ament_python'
[0.470s] Level 1:colcon.colcon_core.shell:create_environment_hook('rehab_robot_bayes_ros2', 'ament_prefix_path')
[0.473s] INFO:colcon.colcon_core.plugin_system:Skipping extension 'colcon_core.shell.bat': Not used on non-Windows systems
[0.473s] INFO:colcon.colcon_core.shell:Creating environment hook '/home/awear/ros2_ws/src/rehab_robot_bayes_ros2/install/rehab_robot_bayes_ros2/share/rehab_robot_bayes_ros2/hook/ament_prefix_path.ps1'
[0.474s] INFO:colcon.colcon_core.shell:Creating environment descriptor '/home/awear/ros2_ws/src/rehab_robot_bayes_ros2/install/rehab_robot_bayes_ros2/share/rehab_robot_bayes_ros2/hook/ament_prefix_path.dsv'
[0.475s] INFO:colcon.colcon_core.shell:Creating environment hook '/home/awear/ros2_ws/src/rehab_robot_bayes_ros2/install/rehab_robot_bayes_ros2/share/rehab_robot_bayes_ros2/hook/ament_prefix_path.sh'
[0.475s] INFO:colcon.colcon_core.shell:Skip shell extension 'powershell' for command environment: Not usable outside of PowerShell
[0.475s] DEBUG:colcon.colcon_core.shell:Skip shell extension 'dsv' for command environment
[0.592s] INFO:colcon.colcon_core.task.python.build:Building Python package in '/home/awear/ros2_ws/src/rehab_robot_bayes_ros2'
[0.592s] INFO:colcon.colcon_core.shell:Skip shell extension 'powershell' for command environment: Not usable outside of PowerShell
[0.592s] DEBUG:colcon.colcon_core.shell:Skip shell extension 'dsv' for command environment
[0.855s] DEBUG:colcon.colcon_core.event_handler.log_command:Invoking command in '/home/awear/ros2_ws/src/rehab_robot_bayes_ros2': PYTHONPATH=/home/awear/ros2_ws/src/rehab_robot_bayes_ros2/build/rehab_robot_bayes_ros2/prefix_override:/usr/lib/python3/dist-packages/colcon_core/task/python/colcon_distutils_commands:/home/awear/ros2_ws/src/rehab_robot_bayes_ros2/install/rehab_robot_bayes_ros2/lib/python3.10/site-packages:${PYTHONPATH} /usr/bin/python3 -W ignore:setup.py install is deprecated -W ignore:easy_install command is deprecated setup.py egg_info --egg-base build/rehab_robot_bayes_ros2 build --build-base /home/awear/ros2_ws/src/rehab_robot_bayes_ros2/build/rehab_robot_bayes_ros2/build install --record /home/awear/ros2_ws/src/rehab_robot_bayes_ros2/build/rehab_robot_bayes_ros2/install.log --single-version-externally-managed install_data
[0.990s] DEBUG:colcon.colcon_core.event_handler.log_command:Invoked command in '/home/awear/ros2_ws/src/rehab_robot_bayes_ros2' returned '0': PYTHONPATH=/home/awear/ros2_ws/src/rehab_robot_bayes_ros2/build/rehab_robot_bayes_ros2/prefix_override:/usr/lib/python3/dist-packages/colcon_core/task/python/colcon_distutils_commands:/home/awear/ros2_ws/src/rehab_robot_bayes_ros2/install/rehab_robot_bayes_ros2/lib/python3.10/site-packages:${PYTHONPATH} /usr/bin/python3 -W ignore:setup.py install is deprecated -W ignore:easy_install command is deprecated setup.py egg_info --egg-base build/rehab_robot_bayes_ros2 build --build-base /home/awear/ros2_ws/src/rehab_robot_bayes_ros2/build/rehab_robot_bayes_ros2/build install --record /home/awear/ros2_ws/src/rehab_robot_bayes_ros2/build/rehab_robot_bayes_ros2/install.log --single-version-externally-managed install_data
[0.993s] Level 1:colcon.colcon_core.environment:checking '/home/awear/ros2_ws/src/rehab_robot_bayes_ros2/install/rehab_robot_bayes_ros2' for CMake module files
[0.994s] Level 1:colcon.colcon_core.environment:checking '/home/awear/ros2_ws/src/rehab_robot_bayes_ros2/install/rehab_robot_bayes_ros2' for CMake config files
[0.994s] Level 1:colcon.colcon_core.environment:checking '/home/awear/ros2_ws/src/rehab_robot_bayes_ros2/install/rehab_robot_bayes_ros2/lib'
[0.994s] Level 1:colcon.colcon_core.environment:checking '/home/awear/ros2_ws/src/rehab_robot_bayes_ros2/install/rehab_robot_bayes_ros2/bin'
[0.994s] Level 1:colcon.colcon_core.environment:checking '/home/awear/ros2_ws/src/rehab_robot_bayes_ros2/install/rehab_robot_bayes_ros2/lib/pkgconfig/rehab_robot_bayes_ros2.pc'
[0.994s] Level 1:colcon.colcon_core.environment:checking '/home/awear/ros2_ws/src/rehab_robot_bayes_ros2/install/rehab_robot_bayes_ros2/lib/python3.10/site-packages'
[0.994s] Level 1:colcon.colcon_core.shell:create_environment_hook('rehab_robot_bayes_ros2', 'pythonpath')
[0.994s] INFO:colcon.colcon_core.shell:Creating environment hook '/home/awear/ros2_ws/src/rehab_robot_bayes_ros2/install/rehab_robot_bayes_ros2/share/rehab_robot_bayes_ros2/hook/pythonpath.ps1'
[0.995s] INFO:colcon.colcon_core.shell:Creating environment descriptor '/home/awear/ros2_ws/src/rehab_robot_bayes_ros2/install/rehab_robot_bayes_ros2/share/rehab_robot_bayes_ros2/hook/pythonpath.dsv'
[0.995s] INFO:colcon.colcon_core.shell:Creating environment hook '/home/awear/ros2_ws/src/rehab_robot_bayes_ros2/install/rehab_robot_bayes_ros2/share/rehab_robot_bayes_ros2/hook/pythonpath.sh'
[0.995s] Level 1:colcon.colcon_core.environment:checking '/home/awear/ros2_ws/src/rehab_robot_bayes_ros2/install/rehab_robot_bayes_ros2/bin'
[0.995s] Level 1:colcon.colcon_core.environment:create_environment_scripts_only(rehab_robot_bayes_ros2)
[0.995s] INFO:colcon.colcon_core.shell:Creating package script '/home/awear/ros2_ws/src/rehab_robot_bayes_ros2/install/rehab_robot_bayes_ros2/share/rehab_robot_bayes_ros2/package.ps1'
[0.996s] INFO:colcon.colcon_core.shell:Creating package descriptor '/home/awear/ros2_ws/src/rehab_robot_bayes_ros2/install/rehab_robot_bayes_ros2/share/rehab_robot_bayes_ros2/package.dsv'
[0.996s] INFO:colcon.colcon_core.shell:Creating package script '/home/awear/ros2_ws/src/rehab_robot_bayes_ros2/install/rehab_robot_bayes_ros2/share/rehab_robot_bayes_ros2/package.sh'
[0.996s] INFO:colcon.colcon_core.shell:Creating package script '/home/awear/ros2_ws/src/rehab_robot_bayes_ros2/install/rehab_robot_bayes_ros2/share/rehab_robot_bayes_ros2/package.bash'
[0.997s] INFO:colcon.colcon_core.shell:Creating package script '/home/awear/ros2_ws/src/rehab_robot_bayes_ros2/install/rehab_robot_bayes_ros2/share/rehab_robot_bayes_ros2/package.zsh'
[0.997s] Level 1:colcon.colcon_core.environment:create_file_with_runtime_dependencies(/home/awear/ros2_ws/src/rehab_robot_bayes_ros2/install/rehab_robot_bayes_ros2/share/colcon-core/packages/rehab_robot_bayes_ros2)
[0.998s] DEBUG:colcon.colcon_parallel_executor.executor.parallel:closing loop
[0.998s] DEBUG:colcon.colcon_parallel_executor.executor.parallel:loop closed
[0.998s] DEBUG:colcon.colcon_parallel_executor.executor.parallel:run_until_complete finished with '0'
[0.998s] DEBUG:colcon.colcon_core.event_reactor:joining thread
[1.028s] INFO:colcon.colcon_core.plugin_system:Skipping extension 'colcon_notification.desktop_notification.notify_send': Could not find 'notify-send'
[1.029s] INFO:colcon.colcon_core.plugin_system:Skipping extension 'colcon_notification.desktop_notification.terminal_notifier': Not used on non-Darwin systems
[1.029s] INFO:colcon.colcon_core.plugin_system:Skipping extension 'colcon_notification.desktop_notification.win32': Not used on non-Windows systems
[1.029s] INFO:colcon.colcon_notification.desktop_notification:Sending desktop notification using 'notify2'
[1.029s] DEBUG:colcon.colcon_notification.desktop_notification.notify2:Failed to initialize notify2: org.freedesktop.DBus.Error.FileNotFound: Failed to connect to socket /run/user/1000/bus: No such file or directory
[1.029s] DEBUG:colcon.colcon_core.event_reactor:joined thread
[1.029s] INFO:colcon.colcon_core.shell:Creating prefix script '/home/awear/ros2_ws/src/rehab_robot_bayes_ros2/install/local_setup.ps1'
[1.030s] INFO:colcon.colcon_core.shell:Creating prefix util module '/home/awear/ros2_ws/src/rehab_robot_bayes_ros2/install/_local_setup_util_ps1.py'
[1.031s] INFO:colcon.colcon_core.shell:Creating prefix chain script '/home/awear/ros2_ws/src/rehab_robot_bayes_ros2/install/setup.ps1'
[1.032s] INFO:colcon.colcon_core.shell:Creating prefix script '/home/awear/ros2_ws/src/rehab_robot_bayes_ros2/install/local_setup.sh'
[1.032s] INFO:colcon.colcon_core.shell:Creating prefix util module '/home/awear/ros2_ws/src/rehab_robot_bayes_ros2/install/_local_setup_util_sh.py'
[1.032s] INFO:colcon.colcon_core.shell:Creating prefix chain script '/home/awear/ros2_ws/src/rehab_robot_bayes_ros2/install/setup.sh'
[1.033s] INFO:colcon.colcon_core.shell:Creating prefix script '/home/awear/ros2_ws/src/rehab_robot_bayes_ros2/install/local_setup.bash'
[1.033s] INFO:colcon.colcon_core.shell:Creating prefix chain script '/home/awear/ros2_ws/src/rehab_robot_bayes_ros2/install/setup.bash'
[1.034s] INFO:colcon.colcon_core.shell:Creating prefix script '/home/awear/ros2_ws/src/rehab_robot_bayes_ros2/install/local_setup.zsh'
[1.034s] INFO:colcon.colcon_core.shell:Creating prefix chain script '/home/awear/ros2_ws/src/rehab_robot_bayes_ros2/install/setup.zsh'
