[0.434s] Invoking command in '/home/awear/ros2_ws/src/rehab_robot_bayes_ros2': PYTHONPATH=/home/awear/ros2_ws/src/rehab_robot_bayes_ros2/build/rehab_robot_bayes_ros2/prefix_override:/usr/lib/python3/dist-packages/colcon_core/task/python/colcon_distutils_commands:/home/awear/ros2_ws/src/rehab_robot_bayes_ros2/install/rehab_robot_bayes_ros2/lib/python3.10/site-packages:${PYTHONPATH} /usr/bin/python3 -W ignore:setup.py install is deprecated -W ignore:easy_install command is deprecated setup.py egg_info --egg-base build/rehab_robot_bayes_ros2 build --build-base /home/awear/ros2_ws/src/rehab_robot_bayes_ros2/build/rehab_robot_bayes_ros2/build install --record /home/awear/ros2_ws/src/rehab_robot_bayes_ros2/build/rehab_robot_bayes_ros2/install.log --single-version-externally-managed install_data
[0.552s] running egg_info
[0.552s] writing build/rehab_robot_bayes_ros2/rehab_robot_bayes_ros2.egg-info/PKG-INFO
[0.553s] writing dependency_links to build/rehab_robot_bayes_ros2/rehab_robot_bayes_ros2.egg-info/dependency_links.txt
[0.553s] writing entry points to build/rehab_robot_bayes_ros2/rehab_robot_bayes_ros2.egg-info/entry_points.txt
[0.553s] writing requirements to build/rehab_robot_bayes_ros2/rehab_robot_bayes_ros2.egg-info/requires.txt
[0.553s] writing top-level names to build/rehab_robot_bayes_ros2/rehab_robot_bayes_ros2.egg-info/top_level.txt
[0.554s] reading manifest file 'build/rehab_robot_bayes_ros2/rehab_robot_bayes_ros2.egg-info/SOURCES.txt'
[0.555s] writing manifest file 'build/rehab_robot_bayes_ros2/rehab_robot_bayes_ros2.egg-info/SOURCES.txt'
[0.555s] running build
[0.555s] running build_py
[0.555s] copying rehab_robot_bayes_ros2/bayes_opt_node.py -> /home/awear/ros2_ws/src/rehab_robot_bayes_ros2/build/rehab_robot_bayes_ros2/build/lib/rehab_robot_bayes_ros2
[0.555s] running install
[0.555s] running install_lib
[0.556s] copying /home/awear/ros2_ws/src/rehab_robot_bayes_ros2/build/rehab_robot_bayes_ros2/build/lib/rehab_robot_bayes_ros2/bayes_opt_node.py -> /home/awear/ros2_ws/src/rehab_robot_bayes_ros2/install/rehab_robot_bayes_ros2/lib/python3.10/site-packages/rehab_robot_bayes_ros2
[0.556s] byte-compiling /home/awear/ros2_ws/src/rehab_robot_bayes_ros2/install/rehab_robot_bayes_ros2/lib/python3.10/site-packages/rehab_robot_bayes_ros2/bayes_opt_node.py to bayes_opt_node.cpython-310.pyc
[0.558s] running install_data
[0.558s] copying launch/simulation_launch.py -> /home/awear/ros2_ws/src/rehab_robot_bayes_ros2/install/rehab_robot_bayes_ros2/share/rehab_robot_bayes_ros2/launch
[0.559s] running install_egg_info
[0.559s] removing '/home/awear/ros2_ws/src/rehab_robot_bayes_ros2/install/rehab_robot_bayes_ros2/lib/python3.10/site-packages/rehab_robot_bayes_ros2-0.0.0-py3.10.egg-info' (and everything under it)
[0.560s] Copying build/rehab_robot_bayes_ros2/rehab_robot_bayes_ros2.egg-info to /home/awear/ros2_ws/src/rehab_robot_bayes_ros2/install/rehab_robot_bayes_ros2/lib/python3.10/site-packages/rehab_robot_bayes_ros2-0.0.0-py3.10.egg-info
[0.561s] running install_scripts
[0.571s] Installing bayes_opt_node script to /home/awear/ros2_ws/src/rehab_robot_bayes_ros2/install/rehab_robot_bayes_ros2/lib/rehab_robot_bayes_ros2
[0.571s] Installing env_node script to /home/awear/ros2_ws/src/rehab_robot_bayes_ros2/install/rehab_robot_bayes_ros2/lib/rehab_robot_bayes_ros2
[0.571s] writing list of installed files to '/home/awear/ros2_ws/src/rehab_robot_bayes_ros2/build/rehab_robot_bayes_ros2/install.log'
[0.584s] Invoked command in '/home/awear/ros2_ws/src/rehab_robot_bayes_ros2' returned '0': PYTHONPATH=/home/awear/ros2_ws/src/rehab_robot_bayes_ros2/build/rehab_robot_bayes_ros2/prefix_override:/usr/lib/python3/dist-packages/colcon_core/task/python/colcon_distutils_commands:/home/awear/ros2_ws/src/rehab_robot_bayes_ros2/install/rehab_robot_bayes_ros2/lib/python3.10/site-packages:${PYTHONPATH} /usr/bin/python3 -W ignore:setup.py install is deprecated -W ignore:easy_install command is deprecated setup.py egg_info --egg-base build/rehab_robot_bayes_ros2 build --build-base /home/awear/ros2_ws/src/rehab_robot_bayes_ros2/build/rehab_robot_bayes_ros2/build install --record /home/awear/ros2_ws/src/rehab_robot_bayes_ros2/build/rehab_robot_bayes_ros2/install.log --single-version-externally-managed install_data
