[0.356s] Invoking command in '/home/awear/ros2_ws/src/rehab_robot_bayes_ros2': PYTHONPATH=/home/awear/ros2_ws/src/rehab_robot_bayes_ros2/build/rehab_robot_bayes_ros2/prefix_override:/usr/lib/python3/dist-packages/colcon_core/task/python/colcon_distutils_commands:/home/awear/ros2_ws/src/rehab_robot_bayes_ros2/install/rehab_robot_bayes_ros2/lib/python3.10/site-packages:${PYTHONPATH} /usr/bin/python3 -W ignore:setup.py install is deprecated -W ignore:easy_install command is deprecated setup.py egg_info --egg-base build/rehab_robot_bayes_ros2 build --build-base /home/awear/ros2_ws/src/rehab_robot_bayes_ros2/build/rehab_robot_bayes_ros2/build install --record /home/awear/ros2_ws/src/rehab_robot_bayes_ros2/build/rehab_robot_bayes_ros2/install.log --single-version-externally-managed install_data
[0.455s] running egg_info
[0.455s] writing build/rehab_robot_bayes_ros2/rehab_robot_bayes_ros2.egg-info/PKG-INFO
[0.455s] writing dependency_links to build/rehab_robot_bayes_ros2/rehab_robot_bayes_ros2.egg-info/dependency_links.txt
[0.455s] writing entry points to build/rehab_robot_bayes_ros2/rehab_robot_bayes_ros2.egg-info/entry_points.txt
[0.456s] writing requirements to build/rehab_robot_bayes_ros2/rehab_robot_bayes_ros2.egg-info/requires.txt
[0.456s] writing top-level names to build/rehab_robot_bayes_ros2/rehab_robot_bayes_ros2.egg-info/top_level.txt
[0.456s] reading manifest file 'build/rehab_robot_bayes_ros2/rehab_robot_bayes_ros2.egg-info/SOURCES.txt'
[0.457s] writing manifest file 'build/rehab_robot_bayes_ros2/rehab_robot_bayes_ros2.egg-info/SOURCES.txt'
[0.457s] running build
[0.457s] running build_py
[0.457s] copying rehab_robot_bayes_ros2/env_node.py -> /home/awear/ros2_ws/src/rehab_robot_bayes_ros2/build/rehab_robot_bayes_ros2/build/lib/rehab_robot_bayes_ros2
[0.458s] copying rehab_robot_bayes_ros2/bayes_opt_node.py -> /home/awear/ros2_ws/src/rehab_robot_bayes_ros2/build/rehab_robot_bayes_ros2/build/lib/rehab_robot_bayes_ros2
[0.458s] running install
[0.458s] running install_lib
[0.458s] copying /home/awear/ros2_ws/src/rehab_robot_bayes_ros2/build/rehab_robot_bayes_ros2/build/lib/rehab_robot_bayes_ros2/env_node.py -> /home/awear/ros2_ws/src/rehab_robot_bayes_ros2/install/rehab_robot_bayes_ros2/lib/python3.10/site-packages/rehab_robot_bayes_ros2
[0.458s] copying /home/awear/ros2_ws/src/rehab_robot_bayes_ros2/build/rehab_robot_bayes_ros2/build/lib/rehab_robot_bayes_ros2/bayes_opt_node.py -> /home/awear/ros2_ws/src/rehab_robot_bayes_ros2/install/rehab_robot_bayes_ros2/lib/python3.10/site-packages/rehab_robot_bayes_ros2
[0.459s] byte-compiling /home/awear/ros2_ws/src/rehab_robot_bayes_ros2/install/rehab_robot_bayes_ros2/lib/python3.10/site-packages/rehab_robot_bayes_ros2/env_node.py to env_node.cpython-310.pyc
[0.459s] byte-compiling /home/awear/ros2_ws/src/rehab_robot_bayes_ros2/install/rehab_robot_bayes_ros2/lib/python3.10/site-packages/rehab_robot_bayes_ros2/bayes_opt_node.py to bayes_opt_node.cpython-310.pyc
[0.460s] running install_data
[0.460s] running install_egg_info
[0.461s] removing '/home/awear/ros2_ws/src/rehab_robot_bayes_ros2/install/rehab_robot_bayes_ros2/lib/python3.10/site-packages/rehab_robot_bayes_ros2-0.0.0-py3.10.egg-info' (and everything under it)
[0.461s] Copying build/rehab_robot_bayes_ros2/rehab_robot_bayes_ros2.egg-info to /home/awear/ros2_ws/src/rehab_robot_bayes_ros2/install/rehab_robot_bayes_ros2/lib/python3.10/site-packages/rehab_robot_bayes_ros2-0.0.0-py3.10.egg-info
[0.462s] running install_scripts
[0.471s] Installing bayes_opt_node script to /home/awear/ros2_ws/src/rehab_robot_bayes_ros2/install/rehab_robot_bayes_ros2/lib/rehab_robot_bayes_ros2
[0.471s] Installing env_node script to /home/awear/ros2_ws/src/rehab_robot_bayes_ros2/install/rehab_robot_bayes_ros2/lib/rehab_robot_bayes_ros2
[0.472s] Installing viz_node script to /home/awear/ros2_ws/src/rehab_robot_bayes_ros2/install/rehab_robot_bayes_ros2/lib/rehab_robot_bayes_ros2
[0.472s] writing list of installed files to '/home/awear/ros2_ws/src/rehab_robot_bayes_ros2/build/rehab_robot_bayes_ros2/install.log'
[0.483s] Invoked command in '/home/awear/ros2_ws/src/rehab_robot_bayes_ros2' returned '0': PYTHONPATH=/home/awear/ros2_ws/src/rehab_robot_bayes_ros2/build/rehab_robot_bayes_ros2/prefix_override:/usr/lib/python3/dist-packages/colcon_core/task/python/colcon_distutils_commands:/home/awear/ros2_ws/src/rehab_robot_bayes_ros2/install/rehab_robot_bayes_ros2/lib/python3.10/site-packages:${PYTHONPATH} /usr/bin/python3 -W ignore:setup.py install is deprecated -W ignore:easy_install command is deprecated setup.py egg_info --egg-base build/rehab_robot_bayes_ros2 build --build-base /home/awear/ros2_ws/src/rehab_robot_bayes_ros2/build/rehab_robot_bayes_ros2/build install --record /home/awear/ros2_ws/src/rehab_robot_bayes_ros2/build/rehab_robot_bayes_ros2/install.log --single-version-externally-managed install_data
