running egg_info
creating build/rehab_robot_bayes_ros2/rehab_robot_bayes_ros2.egg-info
writing build/rehab_robot_bayes_ros2/rehab_robot_bayes_ros2.egg-info/PKG-INFO
writing dependency_links to build/rehab_robot_bayes_ros2/rehab_robot_bayes_ros2.egg-info/dependency_links.txt
writing entry points to build/rehab_robot_bayes_ros2/rehab_robot_bayes_ros2.egg-info/entry_points.txt
writing requirements to build/rehab_robot_bayes_ros2/rehab_robot_bayes_ros2.egg-info/requires.txt
writing top-level names to build/rehab_robot_bayes_ros2/rehab_robot_bayes_ros2.egg-info/top_level.txt
writing manifest file 'build/rehab_robot_bayes_ros2/rehab_robot_bayes_ros2.egg-info/SOURCES.txt'
reading manifest file 'build/rehab_robot_bayes_ros2/rehab_robot_bayes_ros2.egg-info/SOURCES.txt'
writing manifest file 'build/rehab_robot_bayes_ros2/rehab_robot_bayes_ros2.egg-info/SOURCES.txt'
running build
running build_py
creating /home/awear/ros2_ws/src/rehab_robot_bayes_ros2/build/rehab_robot_bayes_ros2/build
creating /home/awear/ros2_ws/src/rehab_robot_bayes_ros2/build/rehab_robot_bayes_ros2/build/lib
creating /home/awear/ros2_ws/src/rehab_robot_bayes_ros2/build/rehab_robot_bayes_ros2/build/lib/rehab_robot_bayes_ros2
copying rehab_robot_bayes_ros2/env_node.py -> /home/awear/ros2_ws/src/rehab_robot_bayes_ros2/build/rehab_robot_bayes_ros2/build/lib/rehab_robot_bayes_ros2
copying rehab_robot_bayes_ros2/__init__.py -> /home/awear/ros2_ws/src/rehab_robot_bayes_ros2/build/rehab_robot_bayes_ros2/build/lib/rehab_robot_bayes_ros2
copying rehab_robot_bayes_ros2/bayes_opt_node.py -> /home/awear/ros2_ws/src/rehab_robot_bayes_ros2/build/rehab_robot_bayes_ros2/build/lib/rehab_robot_bayes_ros2
running install
running install_lib
creating /home/awear/ros2_ws/src/rehab_robot_bayes_ros2/install/rehab_robot_bayes_ros2/lib/python3.10/site-packages/rehab_robot_bayes_ros2
copying /home/awear/ros2_ws/src/rehab_robot_bayes_ros2/build/rehab_robot_bayes_ros2/build/lib/rehab_robot_bayes_ros2/env_node.py -> /home/awear/ros2_ws/src/rehab_robot_bayes_ros2/install/rehab_robot_bayes_ros2/lib/python3.10/site-packages/rehab_robot_bayes_ros2
copying /home/awear/ros2_ws/src/rehab_robot_bayes_ros2/build/rehab_robot_bayes_ros2/build/lib/rehab_robot_bayes_ros2/__init__.py -> /home/awear/ros2_ws/src/rehab_robot_bayes_ros2/install/rehab_robot_bayes_ros2/lib/python3.10/site-packages/rehab_robot_bayes_ros2
copying /home/awear/ros2_ws/src/rehab_robot_bayes_ros2/build/rehab_robot_bayes_ros2/build/lib/rehab_robot_bayes_ros2/bayes_opt_node.py -> /home/awear/ros2_ws/src/rehab_robot_bayes_ros2/install/rehab_robot_bayes_ros2/lib/python3.10/site-packages/rehab_robot_bayes_ros2
byte-compiling /home/awear/ros2_ws/src/rehab_robot_bayes_ros2/install/rehab_robot_bayes_ros2/lib/python3.10/site-packages/rehab_robot_bayes_ros2/env_node.py to env_node.cpython-310.pyc
byte-compiling /home/awear/ros2_ws/src/rehab_robot_bayes_ros2/install/rehab_robot_bayes_ros2/lib/python3.10/site-packages/rehab_robot_bayes_ros2/__init__.py to __init__.cpython-310.pyc
byte-compiling /home/awear/ros2_ws/src/rehab_robot_bayes_ros2/install/rehab_robot_bayes_ros2/lib/python3.10/site-packages/rehab_robot_bayes_ros2/bayes_opt_node.py to bayes_opt_node.cpython-310.pyc
running install_data
creating /home/awear/ros2_ws/src/rehab_robot_bayes_ros2/install/rehab_robot_bayes_ros2/share/ament_index
creating /home/awear/ros2_ws/src/rehab_robot_bayes_ros2/install/rehab_robot_bayes_ros2/share/ament_index/resource_index
creating /home/awear/ros2_ws/src/rehab_robot_bayes_ros2/install/rehab_robot_bayes_ros2/share/ament_index/resource_index/packages
copying resource/rehab_robot_bayes_ros2 -> /home/awear/ros2_ws/src/rehab_robot_bayes_ros2/install/rehab_robot_bayes_ros2/share/ament_index/resource_index/packages
copying package.xml -> /home/awear/ros2_ws/src/rehab_robot_bayes_ros2/install/rehab_robot_bayes_ros2/share/rehab_robot_bayes_ros2
running install_egg_info
Copying build/rehab_robot_bayes_ros2/rehab_robot_bayes_ros2.egg-info to /home/awear/ros2_ws/src/rehab_robot_bayes_ros2/install/rehab_robot_bayes_ros2/lib/python3.10/site-packages/rehab_robot_bayes_ros2-0.0.0-py3.10.egg-info
running install_scripts
Installing bayes_node script to /home/awear/ros2_ws/src/rehab_robot_bayes_ros2/install/rehab_robot_bayes_ros2/lib/rehab_robot_bayes_ros2
Installing env_node script to /home/awear/ros2_ws/src/rehab_robot_bayes_ros2/install/rehab_robot_bayes_ros2/lib/rehab_robot_bayes_ros2
writing list of installed files to '/home/awear/ros2_ws/src/rehab_robot_bayes_ros2/build/rehab_robot_bayes_ros2/install.log'
