[0.437s] Invoking command in '/home/awear/ros2_ws/src/rehab_robot_bayes_ros2': PYTHONPATH=/home/awear/ros2_ws/src/rehab_robot_bayes_ros2/build/rehab_robot_bayes_ros2/prefix_override:/usr/lib/python3/dist-packages/colcon_core/task/python/colcon_distutils_commands:/home/awear/ros2_ws/src/rehab_robot_bayes_ros2/install/rehab_robot_bayes_ros2/lib/python3.10/site-packages:${PYTHONPATH} /usr/bin/python3 -W ignore:setup.py install is deprecated -W ignore:easy_install command is deprecated setup.py egg_info --egg-base build/rehab_robot_bayes_ros2 build --build-base /home/awear/ros2_ws/src/rehab_robot_bayes_ros2/build/rehab_robot_bayes_ros2/build install --record /home/awear/ros2_ws/src/rehab_robot_bayes_ros2/build/rehab_robot_bayes_ros2/install.log --single-version-externally-managed install_data
[0.558s] running egg_info
[0.558s] creating build/rehab_robot_bayes_ros2/rehab_robot_bayes_ros2.egg-info
[0.559s] writing build/rehab_robot_bayes_ros2/rehab_robot_bayes_ros2.egg-info/PKG-INFO
[0.559s] writing dependency_links to build/rehab_robot_bayes_ros2/rehab_robot_bayes_ros2.egg-info/dependency_links.txt
[0.559s] writing entry points to build/rehab_robot_bayes_ros2/rehab_robot_bayes_ros2.egg-info/entry_points.txt
[0.559s] writing requirements to build/rehab_robot_bayes_ros2/rehab_robot_bayes_ros2.egg-info/requires.txt
[0.559s] writing top-level names to build/rehab_robot_bayes_ros2/rehab_robot_bayes_ros2.egg-info/top_level.txt
[0.560s] writing manifest file 'build/rehab_robot_bayes_ros2/rehab_robot_bayes_ros2.egg-info/SOURCES.txt'
[0.561s] reading manifest file 'build/rehab_robot_bayes_ros2/rehab_robot_bayes_ros2.egg-info/SOURCES.txt'
[0.561s] writing manifest file 'build/rehab_robot_bayes_ros2/rehab_robot_bayes_ros2.egg-info/SOURCES.txt'
[0.561s] running build
[0.561s] running build_py
[0.561s] creating /home/awear/ros2_ws/src/rehab_robot_bayes_ros2/build/rehab_robot_bayes_ros2/build
[0.562s] creating /home/awear/ros2_ws/src/rehab_robot_bayes_ros2/build/rehab_robot_bayes_ros2/build/lib
[0.562s] creating /home/awear/ros2_ws/src/rehab_robot_bayes_ros2/build/rehab_robot_bayes_ros2/build/lib/rehab_robot_bayes_ros2
[0.562s] copying rehab_robot_bayes_ros2/env_node.py -> /home/awear/ros2_ws/src/rehab_robot_bayes_ros2/build/rehab_robot_bayes_ros2/build/lib/rehab_robot_bayes_ros2
[0.563s] copying rehab_robot_bayes_ros2/__init__.py -> /home/awear/ros2_ws/src/rehab_robot_bayes_ros2/build/rehab_robot_bayes_ros2/build/lib/rehab_robot_bayes_ros2
[0.563s] copying rehab_robot_bayes_ros2/bayes_opt_node.py -> /home/awear/ros2_ws/src/rehab_robot_bayes_ros2/build/rehab_robot_bayes_ros2/build/lib/rehab_robot_bayes_ros2
[0.563s] running install
[0.563s] running install_lib
[0.564s] creating /home/awear/ros2_ws/src/rehab_robot_bayes_ros2/install/rehab_robot_bayes_ros2/lib/python3.10/site-packages/rehab_robot_bayes_ros2
[0.564s] copying /home/awear/ros2_ws/src/rehab_robot_bayes_ros2/build/rehab_robot_bayes_ros2/build/lib/rehab_robot_bayes_ros2/env_node.py -> /home/awear/ros2_ws/src/rehab_robot_bayes_ros2/install/rehab_robot_bayes_ros2/lib/python3.10/site-packages/rehab_robot_bayes_ros2
[0.564s] copying /home/awear/ros2_ws/src/rehab_robot_bayes_ros2/build/rehab_robot_bayes_ros2/build/lib/rehab_robot_bayes_ros2/__init__.py -> /home/awear/ros2_ws/src/rehab_robot_bayes_ros2/install/rehab_robot_bayes_ros2/lib/python3.10/site-packages/rehab_robot_bayes_ros2
[0.564s] copying /home/awear/ros2_ws/src/rehab_robot_bayes_ros2/build/rehab_robot_bayes_ros2/build/lib/rehab_robot_bayes_ros2/bayes_opt_node.py -> /home/awear/ros2_ws/src/rehab_robot_bayes_ros2/install/rehab_robot_bayes_ros2/lib/python3.10/site-packages/rehab_robot_bayes_ros2
[0.564s] byte-compiling /home/awear/ros2_ws/src/rehab_robot_bayes_ros2/install/rehab_robot_bayes_ros2/lib/python3.10/site-packages/rehab_robot_bayes_ros2/env_node.py to env_node.cpython-310.pyc
[0.566s] byte-compiling /home/awear/ros2_ws/src/rehab_robot_bayes_ros2/install/rehab_robot_bayes_ros2/lib/python3.10/site-packages/rehab_robot_bayes_ros2/__init__.py to __init__.cpython-310.pyc
[0.566s] byte-compiling /home/awear/ros2_ws/src/rehab_robot_bayes_ros2/install/rehab_robot_bayes_ros2/lib/python3.10/site-packages/rehab_robot_bayes_ros2/bayes_opt_node.py to bayes_opt_node.cpython-310.pyc
[0.567s] running install_data
[0.567s] creating /home/awear/ros2_ws/src/rehab_robot_bayes_ros2/install/rehab_robot_bayes_ros2/share/ament_index
[0.567s] creating /home/awear/ros2_ws/src/rehab_robot_bayes_ros2/install/rehab_robot_bayes_ros2/share/ament_index/resource_index
[0.567s] creating /home/awear/ros2_ws/src/rehab_robot_bayes_ros2/install/rehab_robot_bayes_ros2/share/ament_index/resource_index/packages
[0.568s] copying resource/rehab_robot_bayes_ros2 -> /home/awear/ros2_ws/src/rehab_robot_bayes_ros2/install/rehab_robot_bayes_ros2/share/ament_index/resource_index/packages
[0.568s] copying package.xml -> /home/awear/ros2_ws/src/rehab_robot_bayes_ros2/install/rehab_robot_bayes_ros2/share/rehab_robot_bayes_ros2
[0.568s] running install_egg_info
[0.569s] Copying build/rehab_robot_bayes_ros2/rehab_robot_bayes_ros2.egg-info to /home/awear/ros2_ws/src/rehab_robot_bayes_ros2/install/rehab_robot_bayes_ros2/lib/python3.10/site-packages/rehab_robot_bayes_ros2-0.0.0-py3.10.egg-info
[0.569s] running install_scripts
[0.580s] Installing bayes_node script to /home/awear/ros2_ws/src/rehab_robot_bayes_ros2/install/rehab_robot_bayes_ros2/lib/rehab_robot_bayes_ros2
[0.581s] Installing env_node script to /home/awear/ros2_ws/src/rehab_robot_bayes_ros2/install/rehab_robot_bayes_ros2/lib/rehab_robot_bayes_ros2
[0.581s] writing list of installed files to '/home/awear/ros2_ws/src/rehab_robot_bayes_ros2/build/rehab_robot_bayes_ros2/install.log'
[0.597s] Invoked command in '/home/awear/ros2_ws/src/rehab_robot_bayes_ros2' returned '0': PYTHONPATH=/home/awear/ros2_ws/src/rehab_robot_bayes_ros2/build/rehab_robot_bayes_ros2/prefix_override:/usr/lib/python3/dist-packages/colcon_core/task/python/colcon_distutils_commands:/home/awear/ros2_ws/src/rehab_robot_bayes_ros2/install/rehab_robot_bayes_ros2/lib/python3.10/site-packages:${PYTHONPATH} /usr/bin/python3 -W ignore:setup.py install is deprecated -W ignore:easy_install command is deprecated setup.py egg_info --egg-base build/rehab_robot_bayes_ros2 build --build-base /home/awear/ros2_ws/src/rehab_robot_bayes_ros2/build/rehab_robot_bayes_ros2/build install --record /home/awear/ros2_ws/src/rehab_robot_bayes_ros2/build/rehab_robot_bayes_ros2/install.log --single-version-externally-managed install_data
